{
  "RSpec": {
    "coverage": {
      "/Users/scottfirestone/Turing/3module/rails_engine/spec/models/customer_spec.rb": [
        1,
        null,
        1,
        1,
        null
      ],
      "/Users/scottfirestone/Turing/3module/rails_engine/spec/rails_helper.rb": [
        null,
        1,
        1,
        null,
        1,
        1,
        1,
        null,
        null,
        null,
        null,
        null,
        null,
        null,
        null,
        null,
        null,
        null,
        null,
        null,
        null,
        null,
        null,
        null,
        null,
        null,
        1,
        null,
        1,
        1,
        1,
        null,
        null,
        null,
        1,
        21,
        null,
        null,
        null,
        1,
        0,
        null,
        null,
        null,
        1,
        21,
        null,
        null,
        null,
        1,
        21,
        null,
        null,
        1,
        null,
        1,
        null,
        null,
        null,
        null,
        1,
        null,
        null,
        null,
        null,
        null,
        null,
        null,
        null,
        null,
        null,
        null,
        null,
        null,
        null,
        1,
        null,
        null,
        1,
        null,
        null,
        null,
        null,
        1,
        1,
        1,
        1,
        null,
        null,
        null,
        1,
        21,
        null
      ],
      "/Users/scottfirestone/Turing/3module/rails_engine/config/environment.rb": [
        null,
        1,
        null,
        null,
        1
      ],
      "/Users/scottfirestone/Turing/3module/rails_engine/config/application.rb": [
        1,
        null,
        1,
        null,
        1,
        1,
        1,
        1,
        1,
        1,
        1,
        null,
        null,
        null,
        null,
        1,
        null,
        1,
        1,
        null,
        null,
        null,
        null,
        null,
        null,
        null,
        null,
        null,
        null,
        null,
        null,
        null,
        1,
        null,
        null
      ],
      "/Users/scottfirestone/Turing/3module/rails_engine/config/boot.rb": [
        1,
        null,
        1
      ],
      "/Users/scottfirestone/Turing/3module/rails_engine/config/environments/test.rb": [
        1,
        null,
        null,
        null,
        null,
        null,
        null,
        1,
        null,
        null,
        null,
        null,
        1,
        null,
        null,
        1,
        1,
        null,
        null,
        1,
        1,
        null,
        null,
        1,
        null,
        null,
        1,
        null,
        null,
        null,
        null,
        1,
        null,
        null,
        1,
        null,
        null,
        1,
        null,
        null,
        null,
        null
      ],
      "/Users/scottfirestone/Turing/3module/rails_engine/config/initializers/assets.rb": [
        null,
        null,
        null,
        1,
        null,
        null,
        null,
        null,
        null,
        null,
        null
      ],
      "/Users/scottfirestone/Turing/3module/rails_engine/config/initializers/backtrace_silencers.rb": [
        null,
        null,
        null,
        null,
        null,
        null,
        null
      ],
      "/Users/scottfirestone/Turing/3module/rails_engine/config/initializers/cookies_serializer.rb": [
        null,
        null,
        1
      ],
      "/Users/scottfirestone/Turing/3module/rails_engine/config/initializers/filter_parameter_logging.rb": [
        null,
        null,
        null,
        1
      ],
      "/Users/scottfirestone/Turing/3module/rails_engine/config/initializers/inflections.rb": [
        null,
        null,
        null,
        null,
        null,
        null,
        null,
        null,
        null,
        null,
        null,
        null,
        null,
        null,
        null,
        null
      ],
      "/Users/scottfirestone/Turing/3module/rails_engine/config/initializers/mime_types.rb": [
        null,
        null,
        null,
        null
      ],
      "/Users/scottfirestone/Turing/3module/rails_engine/config/initializers/session_store.rb": [
        null,
        null,
        1
      ],
      "/Users/scottfirestone/Turing/3module/rails_engine/config/initializers/wrap_parameters.rb": [
        null,
        null,
        null,
        null,
        null,
        null,
        1,
        1,
        null,
        null,
        null,
        null,
        null,
        null
      ],
      "/Users/scottfirestone/Turing/3module/rails_engine/spec/factories.rb": [
        null,
        1,
        null,
        1,
        1,
        1,
        1,
        1,
        null,
        null,
        1,
        1,
        1,
        1,
        1,
        null,
        null,
        1,
        1,
        1,
        1,
        1,
        1,
        1,
        null,
        null,
        1,
        1,
        1,
        1,
        1,
        1,
        null,
        null,
        1,
        1,
        1,
        1,
        1,
        1,
        1,
        null,
        null,
        1,
        1,
        1,
        1,
        1,
        1,
        null,
        null,
        1,
        11,
        null,
        null,
        1,
        41,
        null,
        null,
        1,
        76,
        null,
        null
      ],
      "/Users/scottfirestone/Turing/3module/rails_engine/config/routes.rb": [
        1,
        1,
        1,
        1,
        1,
        1,
        1,
        null,
        1,
        1,
        1,
        1,
        1,
        1,
        null,
        null,
        null
      ],
      "/Users/scottfirestone/Turing/3module/rails_engine/app/helpers/application_helper.rb": [
        1,
        null
      ],
      "/Users/scottfirestone/Turing/3module/rails_engine/app/models/customer.rb": [
        1,
        1,
        1,
        null
      ],
      "/Users/scottfirestone/Turing/3module/rails_engine/spec/models/invoice_item_spec.rb": [
        1,
        null,
        1,
        1,
        null
      ],
      "/Users/scottfirestone/Turing/3module/rails_engine/app/models/invoice_item.rb": [
        1,
        1,
        1,
        null
      ],
      "/Users/scottfirestone/Turing/3module/rails_engine/spec/models/invoice_spec.rb": [
        1,
        null,
        1,
        1,
        null
      ],
      "/Users/scottfirestone/Turing/3module/rails_engine/app/models/invoice.rb": [
        1,
        1,
        1,
        null,
        1,
        1,
        1,
        null
      ],
      "/Users/scottfirestone/Turing/3module/rails_engine/spec/models/item_spec.rb": [
        1,
        null,
        1,
        1,
        null
      ],
      "/Users/scottfirestone/Turing/3module/rails_engine/app/models/item.rb": [
        1,
        1,
        null,
        1,
        1,
        null
      ],
      "/Users/scottfirestone/Turing/3module/rails_engine/spec/models/merchant_spec.rb": [
        1,
        null,
        1,
        1,
        null
      ],
      "/Users/scottfirestone/Turing/3module/rails_engine/app/models/merchant.rb": [
        1,
        1,
        1,
        null
      ],
      "/Users/scottfirestone/Turing/3module/rails_engine/spec/models/transaction_spec.rb": [
        1,
        null,
        1,
        1,
        null
      ],
      "/Users/scottfirestone/Turing/3module/rails_engine/app/models/transaction.rb": [
        1,
        1,
        1,
        null
      ],
      "/Users/scottfirestone/Turing/3module/rails_engine/spec/request/customer/index_spec.rb": [
        1,
        null,
        1,
        1,
        1,
        null,
        1,
        null,
        1,
        null,
        1,
        1,
        null,
        null
      ],
      "/Users/scottfirestone/Turing/3module/rails_engine/spec/request/customer/show_spec.rb": [
        1,
        null,
        1,
        1,
        1,
        null,
        1,
        null,
        1,
        null,
        1,
        1,
        1,
        1,
        1,
        1,
        null,
        null
      ],
      "/Users/scottfirestone/Turing/3module/rails_engine/spec/request/find_all_spec.rb": [
        1,
        null,
        1,
        1,
        1,
        2,
        2,
        null,
        null,
        1,
        null,
        1,
        1,
        1,
        1,
        1,
        null,
        null
      ],
      "/Users/scottfirestone/Turing/3module/rails_engine/spec/request/find_by_spec.rb": [
        1,
        null,
        1,
        1,
        1,
        null,
        1,
        null,
        1,
        null,
        1,
        1,
        1,
        1,
        1,
        1,
        null,
        null,
        1,
        1,
        null,
        1,
        null,
        1,
        null,
        1,
        1,
        1,
        1,
        1,
        1,
        null,
        null,
        1,
        1,
        null,
        1,
        null,
        1,
        null,
        1,
        1,
        1,
        1,
        1,
        1,
        null,
        null,
        1,
        1,
        null,
        1,
        null,
        1,
        null,
        1,
        1,
        1,
        1,
        1,
        1,
        1,
        null,
        null,
        1,
        1,
        1,
        null,
        1,
        null,
        1,
        1,
        1,
        1,
        1,
        1,
        1,
        1,
        1,
        null,
        null,
        1,
        1,
        1,
        null,
        1,
        null,
        1,
        1,
        1,
        1,
        1,
        1,
        1,
        1,
        1,
        null,
        null
      ],
      "/Users/scottfirestone/Turing/3module/rails_engine/spec/request/invoice/index_spec.rb": [
        1,
        null,
        1,
        1,
        1,
        null,
        1,
        null,
        1,
        null,
        1,
        1,
        null,
        null
      ],
      "/Users/scottfirestone/Turing/3module/rails_engine/spec/request/invoice/show_spec.rb": [
        1,
        null,
        1,
        1,
        1,
        null,
        1,
        null,
        1,
        null,
        1,
        1,
        1,
        1,
        1,
        1,
        1,
        null,
        null
      ],
      "/Users/scottfirestone/Turing/3module/rails_engine/spec/request/invoice_item/index_spec.rb": [
        1,
        null,
        1,
        1,
        1,
        null,
        1,
        null,
        1,
        null,
        1,
        1,
        null,
        null
      ],
      "/Users/scottfirestone/Turing/3module/rails_engine/spec/request/invoice_item/show_spec.rb": [
        1,
        null,
        1,
        1,
        1,
        null,
        1,
        null,
        1,
        null,
        1,
        1,
        1,
        1,
        1,
        1,
        1,
        null,
        null
      ],
      "/Users/scottfirestone/Turing/3module/rails_engine/spec/request/item/index_spec.rb": [
        1,
        null,
        1,
        1,
        1,
        null,
        1,
        null,
        1,
        null,
        1,
        1,
        null,
        null
      ],
      "/Users/scottfirestone/Turing/3module/rails_engine/spec/request/item/show_spec.rb": [
        1,
        null,
        1,
        1,
        1,
        null,
        1,
        null,
        1,
        null,
        1,
        1,
        1,
        1,
        1,
        1,
        1,
        null,
        null
      ],
      "/Users/scottfirestone/Turing/3module/rails_engine/spec/request/merchant/associations_spec.rb": [
        1,
        null,
        1,
        1,
        1,
        1,
        1,
        null,
        1,
        null,
        1,
        null,
        1,
        1,
        null,
        null
      ],
      "/Users/scottfirestone/Turing/3module/rails_engine/spec/request/merchant/index_spec.rb": [
        1,
        null,
        1,
        1,
        1,
        null,
        1,
        null,
        1,
        null,
        1,
        1,
        null,
        null
      ],
      "/Users/scottfirestone/Turing/3module/rails_engine/spec/request/merchant/show_spec.rb": [
        1,
        null,
        1,
        1,
        1,
        null,
        1,
        null,
        1,
        null,
        1,
        1,
        1,
        1,
        1,
        null,
        null
      ],
      "/Users/scottfirestone/Turing/3module/rails_engine/spec/request/random_object_spec.rb": [
        1,
        null,
        1,
        1,
        1,
        null,
        1,
        null,
        1,
        null,
        1,
        1,
        1,
        null,
        null,
        null
      ],
      "/Users/scottfirestone/Turing/3module/rails_engine/spec/request/transaction/index_spec.rb": [
        1,
        null,
        1,
        1,
        1,
        null,
        1,
        null,
        1,
        null,
        1,
        1,
        null,
        null
      ],
      "/Users/scottfirestone/Turing/3module/rails_engine/spec/request/transaction/show_spec.rb": [
        1,
        null,
        1,
        1,
        1,
        1,
        null,
        1,
        null,
        1,
        null,
        1,
        1,
        1,
        1,
        1,
        1,
        1,
        null,
        null
      ],
      "/Users/scottfirestone/Turing/3module/rails_engine/app/controllers/api/v1/customers_controller.rb": [
        1,
        1,
        1,
        1,
        null,
        1,
        1,
        null,
        null,
        1,
        1,
        null,
        null,
        null,
        null
      ],
      "/Users/scottfirestone/Turing/3module/rails_engine/app/controllers/api/api_controller.rb": [
        1,
        1,
        1,
        8,
        8,
        8,
        null,
        null,
        1,
        1,
        1,
        1,
        null,
        null,
        1,
        1,
        8,
        2,
        6,
        2,
        null,
        4,
        null,
        null,
        null,
        1,
        2,
        null,
        null,
        null
      ],
      "/Users/scottfirestone/Turing/3module/rails_engine/app/controllers/application_controller.rb": [
        1,
        1,
        null
      ],
      "/Users/scottfirestone/Turing/3module/rails_engine/app/controllers/api/v1/find_controller.rb": [
        1,
        1,
        1,
        1,
        1,
        null,
        1,
        6,
        null,
        null,
        1,
        1,
        null,
        null,
        null,
        null
      ],
      "/Users/scottfirestone/Turing/3module/rails_engine/app/serializers/invoice_item_serializer.rb": [
        1,
        1,
        null,
        1,
        13,
        null,
        null
      ],
      "/Users/scottfirestone/Turing/3module/rails_engine/app/serializers/item_serializer.rb": [
        1,
        1,
        null,
        1,
        15,
        null,
        null
      ],
      "/Users/scottfirestone/Turing/3module/rails_engine/app/controllers/api/v1/invoices_controller.rb": [
        1,
        1,
        1,
        1,
        null,
        1,
        1,
        null,
        null,
        1,
        1,
        null,
        null,
        null,
        null
      ],
      "/Users/scottfirestone/Turing/3module/rails_engine/app/controllers/api/v1/invoice_items_controller.rb": [
        1,
        1,
        1,
        1,
        null,
        1,
        1,
        null,
        null,
        1,
        1,
        null,
        null,
        null,
        null
      ],
      "/Users/scottfirestone/Turing/3module/rails_engine/app/controllers/api/v1/items_controller.rb": [
        1,
        1,
        1,
        1,
        null,
        1,
        1,
        null,
        null,
        1,
        1,
        null,
        null,
        null,
        null
      ],
      "/Users/scottfirestone/Turing/3module/rails_engine/app/controllers/api/v1/associations_controller.rb": [
        1,
        1,
        1,
        1,
        null,
        1,
        1,
        1,
        null,
        null,
        null,
        null
      ],
      "/Users/scottfirestone/Turing/3module/rails_engine/app/controllers/api/v1/merchants_controller.rb": [
        1,
        1,
        1,
        1,
        null,
        1,
        1,
        null,
        null,
        1,
        1,
        null,
        null,
        null,
        null
      ],
      "/Users/scottfirestone/Turing/3module/rails_engine/app/controllers/api/v1/random_controller.rb": [
        1,
        1,
        1,
        1,
        null,
        1,
        1,
        1,
        null,
        null,
        null,
        null
      ],
      "/Users/scottfirestone/Turing/3module/rails_engine/app/controllers/api/v1/transactions_controller.rb": [
        1,
        1,
        1,
        1,
        null,
        1,
        1,
        null,
        null,
        1,
        1,
        null,
        null,
        null,
        null
      ]
    },
    "timestamp": 1460524828
  }
}
